{
  "stats": {
    "suites": 1,
    "tests": 4,
    "passes": 4,
    "pending": 0,
    "failures": 0,
    "start": "2022-12-16T10:21:36.628Z",
    "end": "2022-12-16T10:21:39.979Z",
    "duration": 3351,
    "testsRegistered": 4,
    "passPercent": 100,
    "pendingPercent": 0,
    "other": 0,
    "hasOther": false,
    "skipped": 0,
    "hasSkipped": false
  },
  "results": [
    {
      "uuid": "d59dc814-7d1d-42c2-8481-31d8906ad73c",
      "title": "",
      "fullFile": "cypress\\e2e\\1-getting-started\\RestApi.cy.js",
      "file": "cypress\\e2e\\1-getting-started\\RestApi.cy.js",
      "beforeHooks": [],
      "afterHooks": [],
      "tests": [],
      "suites": [
        {
          "uuid": "1f1008c9-dec8-4707-a0e7-89a0cd7325a0",
          "title": "Petstore APi",
          "fullFile": "",
          "file": "",
          "beforeHooks": [],
          "afterHooks": [],
          "tests": [
            {
              "title": "Post Users Details - POST",
              "fullTitle": "Petstore APi Post Users Details - POST",
              "timedOut": null,
              "duration": 2022,
              "state": "passed",
              "speed": "fast",
              "pass": true,
              "fail": false,
              "pending": false,
              "context": null,
              "code": "cy.request({\n  method: 'POST',\n  url: _CrudEnv.BASE_URL + '/user',\n  headers: {\n    'Content-Type': 'application/json'\n  },\n  body: {\n    \"id\": 0,\n    \"username\": _CrudEnv.userName,\n    \"firstName\": \"Ankul\",\n    \"lastName\": \"Singh\",\n    \"email\": \"string@gmail.com\",\n    \"password\": \"string@123\",\n    \"phone\": \"string\",\n    \"userStatus\": 0\n  }\n}).then(response => {\n  expect(response.status).to.eq(200);\n});",
              "err": {},
              "uuid": "fd1ddc51-ddad-4a23-8130-bf54cb712d39",
              "parentUUID": "1f1008c9-dec8-4707-a0e7-89a0cd7325a0",
              "isHook": false,
              "skipped": false
            },
            {
              "title": "Fetch  Users Details - GET",
              "fullTitle": "Petstore APi Fetch  Users Details - GET",
              "timedOut": null,
              "duration": 426,
              "state": "passed",
              "speed": "fast",
              "pass": true,
              "fail": false,
              "pending": false,
              "context": null,
              "code": "cy.request({\n  method: 'GET',\n  url: _CrudEnv.BASE_URL + '/user' + `/${_CrudEnv.userName}`,\n  headers: {\n    'Content-Type': 'application/json'\n  }\n}).then(response => {\n  expect(response.status).to.eq(200);\n});",
              "err": {},
              "uuid": "07f15fa8-3c65-4779-95df-dee5085dc349",
              "parentUUID": "1f1008c9-dec8-4707-a0e7-89a0cd7325a0",
              "isHook": false,
              "skipped": false
            },
            {
              "title": "Updates  Users Details - PUT",
              "fullTitle": "Petstore APi Updates  Users Details - PUT",
              "timedOut": null,
              "duration": 477,
              "state": "passed",
              "speed": "fast",
              "pass": true,
              "fail": false,
              "pending": false,
              "context": null,
              "code": "cy.request({\n  method: 'PUT',\n  url: _CrudEnv.BASE_URL + '/user' + `/${_CrudEnv.userName}`,\n  headers: {\n    'Content-Type': 'application/json'\n  },\n  body: {\n    \"id\": 0,\n    \"username\": _CrudEnv.userName,\n    \"firstName\": \"Ankul12\",\n    \"lastName\": \"Singh\",\n    \"email\": \"stri1ng@gmail.com\",\n    \"password\": \"stri1ng@123\",\n    \"phone\": \"str1ing\",\n    \"userStatus\": 0\n  }\n}).then(response => {\n  expect(response.status).to.eq(200);\n});",
              "err": {},
              "uuid": "9f1efafd-d8c0-458e-abf7-90fd38ddc341",
              "parentUUID": "1f1008c9-dec8-4707-a0e7-89a0cd7325a0",
              "isHook": false,
              "skipped": false
            },
            {
              "title": "Delete Users Details - DELETE",
              "fullTitle": "Petstore APi Delete Users Details - DELETE",
              "timedOut": null,
              "duration": 399,
              "state": "passed",
              "speed": "fast",
              "pass": true,
              "fail": false,
              "pending": false,
              "context": null,
              "code": "cy.request({\n  method: 'DELETE',\n  url: _CrudEnv.BASE_URL + '/user' + `/${_CrudEnv.userName}`,\n  headers: {\n    'Content-Type': 'application/json'\n  }\n}).then(response => {\n  expect(response.status).to.eq(200);\n});",
              "err": {},
              "uuid": "c2f1139e-e818-497c-836a-17a098763b36",
              "parentUUID": "1f1008c9-dec8-4707-a0e7-89a0cd7325a0",
              "isHook": false,
              "skipped": false
            }
          ],
          "suites": [],
          "passes": [
            "fd1ddc51-ddad-4a23-8130-bf54cb712d39",
            "07f15fa8-3c65-4779-95df-dee5085dc349",
            "9f1efafd-d8c0-458e-abf7-90fd38ddc341",
            "c2f1139e-e818-497c-836a-17a098763b36"
          ],
          "failures": [],
          "pending": [],
          "skipped": [],
          "duration": 3324,
          "root": false,
          "rootEmpty": false,
          "_timeout": 2000
        }
      ],
      "passes": [],
      "failures": [],
      "pending": [],
      "skipped": [],
      "duration": 0,
      "root": true,
      "rootEmpty": true,
      "_timeout": 2000
    }
  ],
  "meta": {
    "mocha": {
      "version": "7.0.1"
    },
    "mochawesome": {
      "options": {
        "quiet": false,
        "reportFilename": "mochawesome",
        "saveHtml": false,
        "saveJson": true,
        "consoleReporter": "spec",
        "useInlineDiffs": false,
        "code": true
      },
      "version": "7.1.3"
    },
    "marge": {
      "options": {
        "reportDir": "cypress/results",
        "overwrite": false,
        "html": false,
        "json": true
      },
      "version": "6.2.0"
    }
  }
}